<?xml version="1.0" encoding="UTF-8"?>
<testsuite name="com.nymble.application.service.TravelPackageServiceImplTest" tests="4" skipped="0" failures="0" errors="0" timestamp="2023-08-27T05:50:03" hostname="LAPTOP-IA38NU7V" time="0.069">
  <properties/>
  <testcase name="testGetPassengerList_ExistingPackage()" classname="com.nymble.application.service.TravelPackageServiceImplTest" time="0.059"/>
  <testcase name="testGetPassengerList_NonExistingPackage()" classname="com.nymble.application.service.TravelPackageServiceImplTest" time="0.002"/>
  <testcase name="testGetTravelPackageItinerary_ExistingPackage()" classname="com.nymble.application.service.TravelPackageServiceImplTest" time="0.003"/>
  <testcase name="testGetTravelPackageItinerary_NonExistingPackage()" classname="com.nymble.application.service.TravelPackageServiceImplTest" time="0.003"/>
  <system-out><![CDATA[]]></system-out>
  <system-err><![CDATA[]]></system-err>
</testsuite>
