<?xml version="1.0" encoding="UTF-8"?>
<testsuite name="com.nymble.application.service.PassengerServiceImplTest" tests="1" skipped="0" failures="0" errors="0" timestamp="2023-08-27T05:50:03" hostname="LAPTOP-IA38NU7V" time="0.108">
  <properties/>
  <testcase name="testSignUpForActivities_ActivitiesWithSpace()" classname="com.nymble.application.service.PassengerServiceImplTest" time="0.108"/>
  <system-out><![CDATA[]]></system-out>
  <system-err><![CDATA[]]></system-err>
</testsuite>
